<?xml version="1.0" encoding="UTF-8"?>
<!-- Generated by org.testng.reporters.JUnitReportReporter -->
<testsuite skipped="0" hostname="LAPTOP-4352LHDG" name="tests.restputpatchanddelete" tests="3" failures="0" timestamp="2022-05-10T13:17:39 IST" time="4.284" errors="0">
  <testcase name="patchrequest_test" time="1.165" classname="tests.restputpatchanddelete"/>
  <system-out/>
  <testcase name="deleterequest_test" time="2.485" classname="tests.restputpatchanddelete"/>
  <system-out/>
  <testcase name="putrequest_test" time="0.634" classname="tests.restputpatchanddelete"/>
  <system-out/>
</testsuite> <!-- tests.restputpatchanddelete -->
