<?xml version="1.0" encoding="UTF-8"?>
<!-- Generated by org.testng.reporters.JUnitReportReporter -->
<testsuite skipped="0" hostname="LAPTOP-4352LHDG" name="tests.jsonschemavalidator" tests="1" failures="0" timestamp="2022-05-10T15:11:41 IST" time="1.871" errors="0">
  <testcase name="jsonvalidator" time="1.871" classname="tests.jsonschemavalidator"/>
  <system-out/>
</testsuite> <!-- tests.jsonschemavalidator -->
