<?xml version="1.0" encoding="UTF-8"?>
<!-- Generated by org.testng.reporters.JUnitReportReporter -->
<testsuite skipped="0" hostname="LAPTOP-4352LHDG" name="tests.restdemo1" tests="1" failures="0" timestamp="2022-09-23T13:43:41 IST" time="2.222" errors="0">
  <testcase name="basic_get_test" time="2.222" classname="tests.restdemo1"/>
  <system-out/>
</testsuite> <!-- tests.restdemo1 -->
