<?xml version="1.0" encoding="UTF-8"?>
<!-- Generated by org.testng.reporters.JUnitReportReporter -->
<testsuite skipped="0" hostname="LAPTOP-4352LHDG" name="tests.jsonschemavalidator" tests="1" failures="0" timestamp="2022-07-15T18:03:55 IST" time="3.417" errors="0">
  <testcase name="jsonvalidator" time="3.417" classname="tests.jsonschemavalidator"/>
  <system-out/>
</testsuite> <!-- tests.jsonschemavalidator -->
