<?xml version="1.0" encoding="UTF-8"?>
<!-- Generated by org.testng.reporters.JUnitReportReporter -->
<testsuite skipped="0" hostname="LAPTOP-4352LHDG" name="tests.restgetrequestdemo" tests="1" failures="0" timestamp="2022-05-10T11:15:28 IST" time="3.230" errors="0">
  <testcase name="get_test" time="3.230" classname="tests.restgetrequestdemo"/>
  <system-out/>
</testsuite> <!-- tests.restgetrequestdemo -->
