<?xml version="1.0" encoding="UTF-8"?>
<!-- Generated by org.testng.reporters.JUnitReportReporter -->
<testsuite skipped="0" hostname="LAPTOP-4352LHDG" name="tests.restpostdemo" tests="1" failures="0" timestamp="2022-05-19T22:49:53 IST" time="2.336" errors="0">
  <testcase name="post_test" time="2.336" classname="tests.restpostdemo"/>
  <system-out/>
</testsuite> <!-- tests.restpostdemo -->
